Arguments: 
  /usr/local/Cellar/node/9.5.0/bin/node /usr/local/Cellar/yarn/1.3.2/libexec/bin/yarn.js add --dev bable-cli babel-preset-env

PATH: 
  /usr/local/bin:/Users/Enoch/.rvm/gems/ruby-2.4.1/bin:/Users/Enoch/.rvm/gems/ruby-2.4.1@global/bin:/Users/Enoch/.rvm/rubies/ruby-2.4.1/bin:/usr/local/bin:/usr/bin:/bin:/usr/sbin:/sbin:/usr/local/share/dotnet:/Library/Frameworks/Mono.framework/Versions/Current/Commands:/Library/TeX/texbin:/Applications/Xamarin Workbooks.app/Contents/SharedSupport/path-bin:/Users/Enoch/.rvm/bin

Yarn version: 
  1.3.2

Node version: 
  9.5.0

Platform: 
  darwin x64

npm manifest: 
  {
    "name": "tempus-api",
    "version": "1.0.0",
    "main": "index.js",
    "license": "MIT",
    "scripts": {
    	"node src/index.js"
    }
  }

yarn manifest: 
  No manifest

Lockfile: 
  No lockfile

Trace: 
  SyntaxError: /Users/Enoch/Documents/Projects/tempus/tempus-api/package.json: Unexpected token } in JSON at position 130
      at JSON.parse (<anonymous>)
      at /usr/local/Cellar/yarn/1.3.2/libexec/lib/cli.js:770:59
      at Generator.next (<anonymous>)
      at step (/usr/local/Cellar/yarn/1.3.2/libexec/lib/cli.js:92:30)
      at /usr/local/Cellar/yarn/1.3.2/libexec/lib/cli.js:103:13
      at <anonymous>
